<?xml version="1.0" encoding="UTF-8"?>
<!-- Generated by org.testng.reporters.JUnitReportReporter -->
<testsuite hostname="DESKTOP-A2R8RVN" failures="0" tests="5" name="TestNGAnnotationProject.TestNGAnnotationProject" time="77.081" errors="0" timestamp="2023-09-13T04:58:44 BDT" skipped="0">
  <testcase classname="TestNGAnnotationProject.TestNGAnnotationProject" name="VerifyUrl" time="5.622"/>
  <system-out/>
  <testcase classname="TestNGAnnotationProject.TestNGAnnotationProject" name="VerifyTitle" time="5.040"/>
  <system-out/>
  <testcase classname="TestNGAnnotationProject.TestNGAnnotationProject" name="TestLogin" time="11.255"/>
  <system-out/>
  <testcase classname="TestNGAnnotationProject.TestNGAnnotationProject" name="TestLogin" time="11.850"/>
  <system-out/>
  <testcase classname="TestNGAnnotationProject.TestNGAnnotationProject" name="TestProductPurchase" time="43.314"/>
  <system-out/>
</testsuite> <!-- TestNGAnnotationProject.TestNGAnnotationProject -->
