<?xml version="1.0" encoding="UTF-8"?>
<!-- Generated by org.testng.reporters.JUnitXMLReporter -->
<testsuite ignored="0" hostname="DESKTOP-A2R8RVN" failures="0" tests="5" name="Default test" time="77.125" errors="0" timestamp="2023-09-13T04:58:44 BDT">
  <testcase classname="TestNGAnnotationProject.TestNGAnnotationProject" name="VerifyUrl" time="0.01"/>
  <testcase classname="TestNGAnnotationProject.TestNGAnnotationProject" name="VerifyTitle" time="0.005"/>
  <testcase classname="TestNGAnnotationProject.TestNGAnnotationProject" name="TestLogin" time="6.191"/>
  <testcase classname="TestNGAnnotationProject.TestNGAnnotationProject" name="TestLogin" time="6.215"/>
  <testcase classname="TestNGAnnotationProject.TestNGAnnotationProject" name="TestProductPurchase" time="36.733"/>
</testsuite> <!-- Default test -->
